input_text output_enc enc DES CBC 209
output_enc output_enc dec DES CBC 161
input_text output_enc enc DES CBC 156
input_text output_enc enc DES CBC 148
output_enc output_dec dec DES CBC 140
input_text output_enc enc 3DES CBC 268
input_text output_enc enc DES CBC 134
input_text output_enc enc 3DES CBC 169
input_text output_enc enc 3DES CBC 165
output_enc output_dec dec 3DES CBC 161
input_text output_enc enc DES CFB 136
output_enc output_dec dec 3DES CFB 197
output_enc output_dec dec DES CFB 143
input_text output_enc enc 3DES CFB 155
output_enc output_dec dec 3DES CFB 156
output_enc output_dec dec 3DES CFB 180
input_text output_enc enc DES OFB 147
output_enc output_dec dec DES OFB 144
input_text output_enc enc 3DES OFB 174
output_enc output_dec dec 3DES OFB 189
input_text output_enc enc DES CTR 139
output_enc output_dec dec DES CTR 153
input_text output_enc enc 3DES CTR 166
output_enc output_dec dec 3DES CTR 233
